#
# A fatal error has been detected by the Java Runtime Environment:
#
#  SIGSEGV (0xb) at pc=0x0000000123f43b14, pid=44994, tid=4867
#
# JRE version: Java(TM) SE Runtime Environment (8.0_20-b26) (build 1.8.0_20-b26)
# Java VM: Java HotSpot(TM) 64-Bit Server VM (25.20-b23 mixed mode bsd-amd64 compressed oops)
# Problematic frame:
# C  [libopencv_java2410.dylib+0x41bb14]  cv::DynamicAdaptedFeatureDetector::detectImpl(cv::Mat const&, std::__1::vector<cv::KeyPoint, std::__1::allocator<cv::KeyPoint> >&, cv::Mat const&) const+0x24
#
# Failed to write core dump. Core dumps have been disabled. To enable core dumping, try "ulimit -c unlimited" before starting Java again
#
# If you would like to submit a bug report, please visit:
#   http://bugreport.sun.com/bugreport/crash.jsp
# The crash happened outside the Java Virtual Machine in native code.
# See problematic frame for where to report the bug.
#

---------------  T H R E A D  ---------------

Current thread (0x00007ff7f1801000):  JavaThread "main" [_thread_in_native, id=4867, stack(0x000000010b91c000,0x000000010ba1c000)]

siginfo: si_signo: 11 (SIGSEGV), si_code: 1 (SEGV_MAPERR), si_addr: 0x0000000000000000

Registers:
RAX=0x0000000124896418, RBX=0x000000010ba1ad70, RCX=0x000000010ba1ad70, RDX=0x000000010ba1add0
RSP=0x000000010ba1ac10, RBP=0x000000010ba1ac60, RSI=0x0000000000000000, RDI=0x00007ff7f0e29400
R8 =0x00000001fffffffe, R9 =0x00000000ffffffd8, R10=0x000000010ba33668, R11=0x000000010aeb2c6b
R12=0x00007ff7f0e29400, R13=0x000000010ba1add0, R14=0x000000010ba1ad70, R15=0x000000010ba1add0
RIP=0x0000000123f43b14, EFLAGS=0x0000000000010202, ERR=0x0000000000000004
  TRAPNO=0x000000000000000e

Top of Stack: (sp=0x000000010ba1ac10)
0x000000010ba1ac10:   00007ff7f0c4c500 000000010ba1ad70
0x000000010ba1ac20:   0000000000000000 00000001200a6800
0x000000010ba1ac30:   0000000000000000 000000010ba1ad70
0x000000010ba1ac40:   00007ff7f0e29400 00007ff7f0c4c500
0x000000010ba1ac50:   000000010ba1ad70 000000010ba1add0
0x000000010ba1ac60:   000000010ba1ad60 0000000123f3c91f
0x000000010ba1ac70:   00007ff7f0e0c4b0 00007ff7f0e0c4c0
0x000000010ba1ac80:   00007ff7f0e0c898 00000000000003d8
0x000000010ba1ac90:   000000000014ccdd 000000010b1e20a0
0x000000010ba1aca0:   00000001204babd0 0000000000000005
0x000000010ba1acb0:   00007ff7f0e0c4c0 000000000014ccdd
0x000000010ba1acc0:   0000000000000011 00000001200a7b90
0x000000010ba1acd0:   00007ff7f1801000 00000001200a7b90
0x000000010ba1ace0:   00007ff7f1801000 000000010b1e1f80
0x000000010ba1acf0:   00000001204babd0 00000006f1801000
0x000000010ba1ad00:   00000001200a7b90 00000001200a7b90
0x000000010ba1ad10:   00007ff7f1801000 0000000200000006
0x000000010ba1ad20:   0000000100000003 00007ff7f0e0c4c0
0x000000010ba1ad30:   0000000400000000 000000010ba1ad70
0x000000010ba1ad40:   000000010ba1adc0 00000001200a7b90
0x000000010ba1ad50:   00007ff7f18011e8 00007ff7f0c4b9f0
0x000000010ba1ad60:   000000010ba1ae10 0000000123b5f7cb
0x000000010ba1ad70:   0000000042ff0000 0000000000000000
0x000000010ba1ad80:   0000000000000000 0000000000000000
0x000000010ba1ad90:   0000000000000000 0000000000000000
0x000000010ba1ada0:   0000000000000000 0000000000000000
0x000000010ba1adb0:   000000010ba1ad78 000000010ba1adc0
0x000000010ba1adc0:   0000000000000000 0000000000000000
0x000000010ba1add0:   0000000000000000 0000000000000000
0x000000010ba1ade0:   0000000000000000 00000001200a7b90
0x000000010ba1adf0:   00000001200a7b90 0000000000000000
0x000000010ba1ae00:   000000010ba1aee0 00007ff7f1801000 

Instructions: (pc=0x0000000123f43b14)
0x0000000123f43af4:   41 57 41 56 41 55 41 54 53 48 83 ec 28 48 89 4d
0x0000000123f43b04:   b8 49 89 d5 48 89 75 b0 49 89 fc 49 8b 74 24 18
0x0000000123f43b14:   48 8b 06 48 8d 7d c8 ff 50 50 41 8b 5c 24 08 85
0x0000000123f43b24:   db 0f 8e e4 00 00 00 45 31 f6 45 31 ff c7 45 c4 

Register to memory mapping:

RAX=0x0000000124896418: _ZTVN2cv29DynamicAdaptedFeatureDetectorE+0x38 in /usr/local/opencv/lib/libopencv_java2410.dylib at 0x0000000123b28000
RBX=0x000000010ba1ad70 is pointing into the stack for thread: 0x00007ff7f1801000
RCX=0x000000010ba1ad70 is pointing into the stack for thread: 0x00007ff7f1801000
RDX=0x000000010ba1add0 is pointing into the stack for thread: 0x00007ff7f1801000
RSP=0x000000010ba1ac10 is pointing into the stack for thread: 0x00007ff7f1801000
RBP=0x000000010ba1ac60 is pointing into the stack for thread: 0x00007ff7f1801000
RSI=0x0000000000000000 is an unknown value
RDI=0x00007ff7f0e29400 is an unknown value
R8 =0x00000001fffffffe is an unknown value
R9 =0x00000000ffffffd8 is an unknown value
R10=0x000000010ba33668 is at code_begin+808 in an Interpreter codelet
method entry point (kind = native)  [0x000000010ba33340, 0x000000010ba33c40]  2304 bytes
R11=0x000000010aeb2c6b: throw_unsatisfied_link_error+0 in /Library/Java/JavaVirtualMachines/jdk1.8.0_20.jdk/Contents/Home/jre/lib/server/libjvm.dylib at 0x000000010aa00000
R12=0x00007ff7f0e29400 is an unknown value
R13=0x000000010ba1add0 is pointing into the stack for thread: 0x00007ff7f1801000
R14=0x000000010ba1ad70 is pointing into the stack for thread: 0x00007ff7f1801000
R15=0x000000010ba1add0 is pointing into the stack for thread: 0x00007ff7f1801000


Stack: [0x000000010b91c000,0x000000010ba1c000],  sp=0x000000010ba1ac10,  free space=1019k
Native frames: (J=compiled Java code, j=interpreted, Vv=VM code, C=native code)
C  [libopencv_java2410.dylib+0x41bb14]  cv::DynamicAdaptedFeatureDetector::detectImpl(cv::Mat const&, std::__1::vector<cv::KeyPoint, std::__1::allocator<cv::KeyPoint> >&, cv::Mat const&) const+0x24
C  [libopencv_java2410.dylib+0x41491f]  cv::FeatureDetector::detect(cv::Mat const&, std::__1::vector<cv::KeyPoint, std::__1::allocator<cv::KeyPoint> >&, cv::Mat const&) const+0x29f
C  [libopencv_java2410.dylib+0x377cb]  Java_org_opencv_features2d_FeatureDetector_detect_11+0xbb
j  org.opencv.features2d.FeatureDetector.detect_1(JJJ)V+0
j  org.opencv.features2d.FeatureDetector.detect(Lorg/opencv/core/Mat;Lorg/opencv/core/MatOfKeyPoint;)V+14
j  com.company.CellFinder.imageProcessing()V+12
j  com.company.Main.main([Ljava/lang/String;)V+14
v  ~StubRoutines::call_stub
V  [libjvm.dylib+0x2d429e]  JavaCalls::call_helper(JavaValue*, methodHandle*, JavaCallArguments*, Thread*)+0x6ae
V  [libjvm.dylib+0x4a2b90]  Reflection::invoke(instanceKlassHandle, methodHandle, Handle, bool, objArrayHandle, BasicType, objArrayHandle, bool, Thread*)+0xdf8
V  [libjvm.dylib+0x4a30a8]  Reflection::invoke_method(oopDesc*, Handle, objArrayHandle, Thread*)+0x16c
V  [libjvm.dylib+0x322984]  JVM_InvokeMethod+0x166
j  sun.reflect.NativeMethodAccessorImpl.invoke0(Ljava/lang/reflect/Method;Ljava/lang/Object;[Ljava/lang/Object;)Ljava/lang/Object;+0
j  sun.reflect.NativeMethodAccessorImpl.invoke(Ljava/lang/Object;[Ljava/lang/Object;)Ljava/lang/Object;+100
j  sun.reflect.DelegatingMethodAccessorImpl.invoke(Ljava/lang/Object;[Ljava/lang/Object;)Ljava/lang/Object;+6
j  java.lang.reflect.Method.invoke(Ljava/lang/Object;[Ljava/lang/Object;)Ljava/lang/Object;+56
j  com.intellij.rt.execution.application.AppMain.main([Ljava/lang/String;)V+163
v  ~StubRoutines::call_stub
V  [libjvm.dylib+0x2d429e]  JavaCalls::call_helper(JavaValue*, methodHandle*, JavaCallArguments*, Thread*)+0x6ae
V  [libjvm.dylib+0x309377]  jni_invoke_static(JNIEnv_*, JavaValue*, _jobject*, JNICallType, _jmethodID*, JNI_ArgumentPusher*, Thread*)+0x1bf
V  [libjvm.dylib+0x302571]  jni_CallStaticVoidMethod+0x15d
C  [java+0x2c82]  JavaMain+0x998
C  [libsystem_pthread.dylib+0x3268]  _pthread_body+0x83
C  [libsystem_pthread.dylib+0x31e5]  _pthread_body+0x0
C  [libsystem_pthread.dylib+0x141d]  thread_start+0xd
C  0x0000000000000000

Java frames: (J=compiled Java code, j=interpreted, Vv=VM code)
j  org.opencv.features2d.FeatureDetector.detect_1(JJJ)V+0
j  org.opencv.features2d.FeatureDetector.detect(Lorg/opencv/core/Mat;Lorg/opencv/core/MatOfKeyPoint;)V+14
j  com.company.CellFinder.imageProcessing()V+12
j  com.company.Main.main([Ljava/lang/String;)V+14
v  ~StubRoutines::call_stub
j  sun.reflect.NativeMethodAccessorImpl.invoke0(Ljava/lang/reflect/Method;Ljava/lang/Object;[Ljava/lang/Object;)Ljava/lang/Object;+0
j  sun.reflect.NativeMethodAccessorImpl.invoke(Ljava/lang/Object;[Ljava/lang/Object;)Ljava/lang/Object;+100
j  sun.reflect.DelegatingMethodAccessorImpl.invoke(Ljava/lang/Object;[Ljava/lang/Object;)Ljava/lang/Object;+6
j  java.lang.reflect.Method.invoke(Ljava/lang/Object;[Ljava/lang/Object;)Ljava/lang/Object;+56
j  com.intellij.rt.execution.application.AppMain.main([Ljava/lang/String;)V+163
v  ~StubRoutines::call_stub

---------------  P R O C E S S  ---------------

Java Threads: ( => current thread )
  0x00007ff7f1116800 JavaThread "Monitor Ctrl-Break" daemon [_thread_in_native, id=19203, stack(0x00000001239c7000,0x0000000123ac7000)]
  0x00007ff7f2010800 JavaThread "Service Thread" daemon [_thread_blocked, id=18179, stack(0x000000012366d000,0x000000012376d000)]
  0x00007ff7f200e000 JavaThread "C1 CompilerThread2" daemon [_thread_blocked, id=17667, stack(0x000000012356a000,0x000000012366a000)]
  0x00007ff7f200d000 JavaThread "C2 CompilerThread1" daemon [_thread_blocked, id=17155, stack(0x0000000123467000,0x0000000123567000)]
  0x00007ff7f103c000 JavaThread "C2 CompilerThread0" daemon [_thread_blocked, id=16643, stack(0x0000000123364000,0x0000000123464000)]
  0x00007ff7f103b000 JavaThread "Signal Dispatcher" daemon [_thread_blocked, id=13335, stack(0x0000000123261000,0x0000000123361000)]
  0x00007ff7f1018000 JavaThread "Finalizer" daemon [_thread_blocked, id=11523, stack(0x0000000121920000,0x0000000121a20000)]
  0x00007ff7f1011800 JavaThread "Reference Handler" daemon [_thread_blocked, id=11011, stack(0x000000012181d000,0x000000012191d000)]
=>0x00007ff7f1801000 JavaThread "main" [_thread_in_native, id=4867, stack(0x000000010b91c000,0x000000010ba1c000)]

Other Threads:
  0x00007ff7f2003800 VMThread [stack: 0x000000012171a000,0x000000012181a000] [id=10499]
  0x00007ff7f182a000 WatcherThread [stack: 0x0000000123770000,0x0000000123870000] [id=18691]

VM state:not at safepoint (normal execution)

VM Mutex/Monitor currently owned by a thread: None

Heap:
 PSYoungGen      total 38400K, used 4002K [0x0000000795580000, 0x0000000798000000, 0x00000007c0000000)
  eden space 33280K, 12% used [0x0000000795580000,0x0000000795968bb0,0x0000000797600000)
  from space 5120K, 0% used [0x0000000797b00000,0x0000000797b00000,0x0000000798000000)
  to   space 5120K, 0% used [0x0000000797600000,0x0000000797600000,0x0000000797b00000)
 ParOldGen       total 87552K, used 0K [0x0000000740000000, 0x0000000745580000, 0x0000000795580000)
  object space 87552K, 0% used [0x0000000740000000,0x0000000740000000,0x0000000745580000)
 Metaspace       used 3256K, capacity 4664K, committed 4864K, reserved 1056768K
  class space    used 350K, capacity 424K, committed 512K, reserved 1048576K

Card table byte_map: [0x000000011adde000,0x000000011b1df000] byte_map_base: 0x00000001173de000

Marking Bits: (ParMarkBitMap*) 0x000000010b29c330
 Begin Bits: [0x000000011b896000, 0x000000011d896000)
 End Bits:   [0x000000011d896000, 0x000000011f896000)

Polling page: 0x000000010a16e000

CodeCache: size=245760Kb used=1290Kb max_used=1301Kb free=244469Kb
 bounds [0x000000010ba1e000, 0x000000010bc8e000, 0x000000011aa1e000]
 total_blobs=365 nmethods=103 adapters=177
 compilation: enabled

Compilation events (10 events):
Event: 0.949 Thread 0x00007ff7f200e000   98       3       java.util.jar.JarFile::getEntry (22 bytes)
Event: 0.949 Thread 0x00007ff7f200e000 nmethod 98 0x000000010bb5d890 code [0x000000010bb5da20, 0x000000010bb5dd78]
Event: 0.949 Thread 0x00007ff7f200e000  100   !   3       sun.misc.URLClassPath$JarLoader::getResource (85 bytes)
Event: 0.950 Thread 0x00007ff7f200e000 nmethod 100 0x000000010bb5ded0 code [0x000000010bb5e160, 0x000000010bb5f088]
Event: 0.951 Thread 0x00007ff7f200e000   99       3       java.util.AbstractCollection::<init> (5 bytes)
Event: 0.951 Thread 0x00007ff7f200e000 nmethod 99 0x000000010bb5f9d0 code [0x000000010bb5fb40, 0x000000010bb5fcf0]
Event: 1.314 Thread 0x00007ff7f200d000  102       4       java.lang.String::indexOf (70 bytes)
Event: 1.314 Thread 0x00007ff7f200e000  103       3       java.util.zip.ZStreamRef::address (5 bytes)
Event: 1.314 Thread 0x00007ff7f200e000 nmethod 103 0x000000010bb60110 code [0x000000010bb60260, 0x000000010bb603b0]
Event: 1.316 Thread 0x00007ff7f200d000 nmethod 102 0x000000010bb63790 code [0x000000010bb638e0, 0x000000010bb63a88]

GC Heap History (0 events):
No events

Deoptimization events (0 events):
No events

Internal exceptions (10 events):
Event: 0.190 Thread 0x00007ff7f1801000 Exception <a 'java/security/PrivilegedActionException'> (0x0000000795806c20) thrown at [/HUDSON3/workspace/8-2-build-macosx-x86_64/jdk8u20/1074/hotspot/src/share/vm/prims/jvm.cpp, line 1275]
Event: 0.895 Thread 0x00007ff7f1801000 Exception <a 'java/security/PrivilegedActionException'> (0x000000079580fb08) thrown at [/HUDSON3/workspace/8-2-build-macosx-x86_64/jdk8u20/1074/hotspot/src/share/vm/prims/jvm.cpp, line 1275]
Event: 0.896 Thread 0x00007ff7f1801000 Exception <a 'java/security/PrivilegedActionException'> (0x0000000795816570) thrown at [/HUDSON3/workspace/8-2-build-macosx-x86_64/jdk8u20/1074/hotspot/src/share/vm/prims/jvm.cpp, line 1275]
Event: 0.898 Thread 0x00007ff7f1801000 Exception <a 'java/security/PrivilegedActionException'> (0x00000007958c7bc8) thrown at [/HUDSON3/workspace/8-2-build-macosx-x86_64/jdk8u20/1074/hotspot/src/share/vm/prims/jvm.cpp, line 1275]
Event: 0.901 Thread 0x00007ff7f1801000 Exception <a 'java/security/PrivilegedActionException'> (0x00000007958dbaf8) thrown at [/HUDSON3/workspace/8-2-build-macosx-x86_64/jdk8u20/1074/hotspot/src/share/vm/prims/jvm.cpp, line 1275]
Event: 0.948 Thread 0x00007ff7f1801000 Exception <a 'java/security/PrivilegedActionException'> (0x00000007958e4530) thrown at [/HUDSON3/workspace/8-2-build-macosx-x86_64/jdk8u20/1074/hotspot/src/share/vm/prims/jvm.cpp, line 1275]
Event: 0.949 Thread 0x00007ff7f1801000 Exception <a 'java/security/PrivilegedActionException'> (0x00000007958f0558) thrown at [/HUDSON3/workspace/8-2-build-macosx-x86_64/jdk8u20/1074/hotspot/src/share/vm/prims/jvm.cpp, line 1275]
Event: 0.950 Thread 0x00007ff7f1801000 Exception <a 'java/security/PrivilegedActionException'> (0x00000007958f6b48) thrown at [/HUDSON3/workspace/8-2-build-macosx-x86_64/jdk8u20/1074/hotspot/src/share/vm/prims/jvm.cpp, line 1275]
Event: 1.312 Thread 0x00007ff7f1801000 Exception <a 'java/security/PrivilegedActionException'> (0x00000007958fe140) thrown at [/HUDSON3/workspace/8-2-build-macosx-x86_64/jdk8u20/1074/hotspot/src/share/vm/prims/jvm.cpp, line 1275]
Event: 1.314 Thread 0x00007ff7f1801000 Exception <a 'java/security/PrivilegedActionException'> (0x00000007959058b8) thrown at [/HUDSON3/workspace/8-2-build-macosx-x86_64/jdk8u20/1074/hotspot/src/share/vm/prims/jvm.cpp, line 1275]

Events (10 events):
Event: 0.948 loading class org/opencv/highgui/Highgui
Event: 0.948 loading class org/opencv/highgui/Highgui done
Event: 0.949 loading class org/opencv/core/MatOfByte
Event: 0.949 loading class org/opencv/core/MatOfByte done
Event: 0.950 loading class org/opencv/core/MatOfInt
Event: 0.950 loading class org/opencv/core/MatOfInt done
Event: 1.311 loading class org/opencv/core/CvType
Event: 1.311 loading class org/opencv/core/CvType done
Event: 1.314 loading class org/opencv/core/Scalar
Event: 1.314 loading class org/opencv/core/Scalar done


Dynamic libraries:
0x000000000c3c4000 	/System/Library/Frameworks/Cocoa.framework/Versions/A/Cocoa
0x000000000c3c4000 	/System/Library/Frameworks/Security.framework/Versions/A/Security
0x000000000c3c4000 	/System/Library/Frameworks/ApplicationServices.framework/Versions/A/ApplicationServices
0x000000000c3c4000 	/usr/lib/libz.1.dylib
0x000000000c3c4000 	/usr/lib/libSystem.B.dylib
0x000000000c3c4000 	/usr/lib/libobjc.A.dylib
0x000000000c3c4000 	/System/Library/Frameworks/CoreFoundation.framework/Versions/A/CoreFoundation
0x000000000c3c4000 	/System/Library/Frameworks/Foundation.framework/Versions/C/Foundation
0x000000000c3c4000 	/System/Library/Frameworks/AppKit.framework/Versions/C/AppKit
0x000000000c3c4000 	/System/Library/Frameworks/CoreData.framework/Versions/A/CoreData
0x000000000c3c4000 	/System/Library/PrivateFrameworks/RemoteViewServices.framework/Versions/A/RemoteViewServices
0x000000000c3c4000 	/System/Library/PrivateFrameworks/UIFoundation.framework/Versions/A/UIFoundation
0x000000000c3c4000 	/System/Library/Frameworks/IOSurface.framework/Versions/A/IOSurface
0x000000000c3c4000 	/System/Library/Frameworks/AudioToolbox.framework/Versions/A/AudioToolbox
0x000000000c3c4000 	/System/Library/Frameworks/AudioUnit.framework/Versions/A/AudioUnit
0x000000000c3c4000 	/System/Library/PrivateFrameworks/DataDetectorsCore.framework/Versions/A/DataDetectorsCore
0x000000000c3c4000 	/System/Library/PrivateFrameworks/DesktopServicesPriv.framework/Versions/A/DesktopServicesPriv
0x000000000c3c4000 	/System/Library/Frameworks/Carbon.framework/Versions/A/Frameworks/HIToolbox.framework/Versions/A/HIToolbox
0x000000000c3c4000 	/System/Library/Frameworks/QuartzCore.framework/Versions/A/QuartzCore
0x000000000c3c4000 	/System/Library/Frameworks/Carbon.framework/Versions/A/Frameworks/SpeechRecognition.framework/Versions/A/SpeechRecognition
0x000000000c3c4000 	/usr/lib/libauto.dylib
0x000000000c3c4000 	/usr/lib/libicucore.A.dylib
0x000000000c3c4000 	/usr/lib/libxml2.2.dylib
0x000000000c3c4000 	/System/Library/PrivateFrameworks/CoreUI.framework/Versions/A/CoreUI
0x000000000c3c4000 	/System/Library/Frameworks/CoreAudio.framework/Versions/A/CoreAudio
0x000000000c3c4000 	/System/Library/Frameworks/DiskArbitration.framework/Versions/A/DiskArbitration
0x000000000c3c4000 	/usr/lib/liblangid.dylib
0x000000000c3c4000 	/System/Library/PrivateFrameworks/MultitouchSupport.framework/Versions/A/MultitouchSupport
0x000000000c3c4000 	/System/Library/Frameworks/IOKit.framework/Versions/A/IOKit
0x000000000c3c4000 	/usr/lib/libDiagnosticMessagesClient.dylib
0x000000000c3c4000 	/System/Library/Frameworks/CoreServices.framework/Versions/A/CoreServices
0x000000000c3c4000 	/System/Library/PrivateFrameworks/PerformanceAnalysis.framework/Versions/A/PerformanceAnalysis
0x000000000c3c4000 	/System/Library/PrivateFrameworks/GenerationalStorage.framework/Versions/A/GenerationalStorage
0x000000000c3c4000 	/System/Library/Frameworks/OpenGL.framework/Versions/A/OpenGL
0x000000000c3c4000 	/System/Library/PrivateFrameworks/Sharing.framework/Versions/A/Sharing
0x000000000c3c4000 	/System/Library/Frameworks/CoreGraphics.framework/Versions/A/CoreGraphics
0x000000000c3c4000 	/System/Library/Frameworks/CoreText.framework/Versions/A/CoreText
0x000000000c3c4000 	/System/Library/Frameworks/ImageIO.framework/Versions/A/ImageIO
0x000000000c3c4000 	/usr/lib/libextension.dylib
0x000000000c3c4000 	/System/Library/PrivateFrameworks/Backup.framework/Versions/A/Backup
0x000000000c3c4000 	/usr/lib/libarchive.2.dylib
0x000000000c3c4000 	/System/Library/Frameworks/CFNetwork.framework/Versions/A/CFNetwork
0x000000000c3c4000 	/System/Library/Frameworks/SystemConfiguration.framework/Versions/A/SystemConfiguration
0x000000000c3c4000 	/usr/lib/libCRFSuite.dylib
0x000000000c3c4000 	/usr/lib/libc++.1.dylib
0x000000000c3c4000 	/usr/lib/libc++abi.dylib
0x000000000c3c4000 	/usr/lib/system/libcache.dylib
0x000000000c3c4000 	/usr/lib/system/libcommonCrypto.dylib
0x000000000c3c4000 	/usr/lib/system/libcompiler_rt.dylib
0x000000000c3c4000 	/usr/lib/system/libcopyfile.dylib
0x000000000c3c4000 	/usr/lib/system/libcorecrypto.dylib
0x000000000c3c4000 	/usr/lib/system/libdispatch.dylib
0x000000000c3c4000 	/usr/lib/system/libdyld.dylib
0x000000000c3c4000 	/usr/lib/system/libkeymgr.dylib
0x000000000c3c4000 	/usr/lib/system/liblaunch.dylib
0x000000000c3c4000 	/usr/lib/system/libmacho.dylib
0x000000000c3c4000 	/usr/lib/system/libquarantine.dylib
0x000000000c3c4000 	/usr/lib/system/libremovefile.dylib
0x000000000c3c4000 	/usr/lib/system/libsystem_asl.dylib
0x000000000c3c4000 	/usr/lib/system/libsystem_blocks.dylib
0x000000000c3c4000 	/usr/lib/system/libsystem_c.dylib
0x000000000c3c4000 	/usr/lib/system/libsystem_configuration.dylib
0x000000000c3c4000 	/usr/lib/system/libsystem_coreservices.dylib
0x000000000c3c4000 	/usr/lib/system/libsystem_coretls.dylib
0x000000000c3c4000 	/usr/lib/system/libsystem_dnssd.dylib
0x000000000c3c4000 	/usr/lib/system/libsystem_info.dylib
0x000000000c3c4000 	/usr/lib/system/libsystem_kernel.dylib
0x000000000c3c4000 	/usr/lib/system/libsystem_m.dylib
0x000000000c3c4000 	/usr/lib/system/libsystem_malloc.dylib
0x000000000c3c4000 	/usr/lib/system/libsystem_network.dylib
0x000000000c3c4000 	/usr/lib/system/libsystem_networkextension.dylib
0x000000000c3c4000 	/usr/lib/system/libsystem_notify.dylib
0x000000000c3c4000 	/usr/lib/system/libsystem_platform.dylib
0x000000000c3c4000 	/usr/lib/system/libsystem_pthread.dylib
0x000000000c3c4000 	/usr/lib/system/libsystem_sandbox.dylib
0x000000000c3c4000 	/usr/lib/system/libsystem_secinit.dylib
0x000000000c3c4000 	/usr/lib/system/libsystem_stats.dylib
0x000000000c3c4000 	/usr/lib/system/libsystem_trace.dylib
0x000000000c3c4000 	/usr/lib/system/libunc.dylib
0x000000000c3c4000 	/usr/lib/system/libunwind.dylib
0x000000000c3c4000 	/usr/lib/system/libxpc.dylib
0x000000000c3c4000 	/usr/lib/libbz2.1.0.dylib
0x000000000c3c4000 	/usr/lib/liblzma.5.dylib
0x000000000c3c4000 	/usr/lib/libbsm.0.dylib
0x000000000c3c4000 	/usr/lib/libsqlite3.dylib
0x000000000c3c4000 	/usr/lib/system/libkxld.dylib
0x000000000c3c4000 	/usr/lib/libxar.1.dylib
0x000000000c3c4000 	/usr/lib/libpam.2.dylib
0x000000000c3c4000 	/usr/lib/libOpenScriptingUtil.dylib
0x000000000c3c4000 	/System/Library/Frameworks/CoreServices.framework/Versions/A/Frameworks/FSEvents.framework/Versions/A/FSEvents
0x000000000c3c4000 	/System/Library/Frameworks/CoreServices.framework/Versions/A/Frameworks/CarbonCore.framework/Versions/A/CarbonCore
0x000000000c3c4000 	/System/Library/Frameworks/CoreServices.framework/Versions/A/Frameworks/Metadata.framework/Versions/A/Metadata
0x000000000c3c4000 	/System/Library/Frameworks/CoreServices.framework/Versions/A/Frameworks/OSServices.framework/Versions/A/OSServices
0x000000000c3c4000 	/System/Library/Frameworks/CoreServices.framework/Versions/A/Frameworks/SearchKit.framework/Versions/A/SearchKit
0x000000000c3c4000 	/System/Library/Frameworks/CoreServices.framework/Versions/A/Frameworks/AE.framework/Versions/A/AE
0x000000000c3c4000 	/System/Library/Frameworks/CoreServices.framework/Versions/A/Frameworks/LaunchServices.framework/Versions/A/LaunchServices
0x000000000c3c4000 	/System/Library/Frameworks/CoreServices.framework/Versions/A/Frameworks/DictionaryServices.framework/Versions/A/DictionaryServices
0x000000000c3c4000 	/System/Library/Frameworks/NetFS.framework/Versions/A/NetFS
0x000000000c3c4000 	/System/Library/PrivateFrameworks/NetAuth.framework/Versions/A/NetAuth
0x000000000c3c4000 	/System/Library/PrivateFrameworks/login.framework/Versions/A/Frameworks/loginsupport.framework/Versions/A/loginsupport
0x000000000c3c4000 	/System/Library/PrivateFrameworks/TCC.framework/Versions/A/TCC
0x000000000c3c4000 	/usr/lib/libmecabra.dylib
0x000000000c3c4000 	/System/Library/PrivateFrameworks/LanguageModeling.framework/Versions/A/LanguageModeling
0x000000000c3c4000 	/usr/lib/libcmph.dylib
0x000000000c3c4000 	/usr/lib/libiconv.2.dylib
0x000000000c3c4000 	/System/Library/Frameworks/OpenDirectory.framework/Versions/A/Frameworks/CFOpenDirectory.framework/Versions/A/CFOpenDirectory
0x000000000c3c4000 	/System/Library/Frameworks/ServiceManagement.framework/Versions/A/ServiceManagement
0x000000000c3c4000 	/usr/lib/libxslt.1.dylib
0x000000000c3c4000 	/System/Library/Frameworks/Carbon.framework/Versions/A/Frameworks/Ink.framework/Versions/A/Ink
0x000000000c3c4000 	/System/Library/Frameworks/ApplicationServices.framework/Versions/A/Frameworks/ATS.framework/Versions/A/ATS
0x000000000c3c4000 	/System/Library/Frameworks/ApplicationServices.framework/Versions/A/Frameworks/ColorSync.framework/Versions/A/ColorSync
0x000000000c3c4000 	/System/Library/Frameworks/ApplicationServices.framework/Versions/A/Frameworks/HIServices.framework/Versions/A/HIServices
0x000000000c3c4000 	/System/Library/Frameworks/ApplicationServices.framework/Versions/A/Frameworks/LangAnalysis.framework/Versions/A/LangAnalysis
0x000000000c3c4000 	/System/Library/Frameworks/ApplicationServices.framework/Versions/A/Frameworks/PrintCore.framework/Versions/A/PrintCore
0x000000000c3c4000 	/System/Library/Frameworks/ApplicationServices.framework/Versions/A/Frameworks/QD.framework/Versions/A/QD
0x000000000c3c4000 	/System/Library/Frameworks/ApplicationServices.framework/Versions/A/Frameworks/SpeechSynthesis.framework/Versions/A/SpeechSynthesis
0x000000000c3c4000 	/System/Library/Frameworks/Accelerate.framework/Versions/A/Accelerate
0x000000000c3c4000 	/System/Library/Frameworks/Accelerate.framework/Versions/A/Frameworks/vImage.framework/Versions/A/vImage
0x000000000c3c4000 	/System/Library/Frameworks/Accelerate.framework/Versions/A/Frameworks/vecLib.framework/Versions/A/vecLib
0x000000000c3c4000 	/System/Library/Frameworks/Accelerate.framework/Versions/A/Frameworks/vecLib.framework/Versions/A/libvDSP.dylib
0x000000000c3c4000 	/System/Library/Frameworks/Accelerate.framework/Versions/A/Frameworks/vecLib.framework/Versions/A/libvMisc.dylib
0x000000000c3c4000 	/System/Library/Frameworks/Accelerate.framework/Versions/A/Frameworks/vecLib.framework/Versions/A/libLAPACK.dylib
0x000000000c3c4000 	/System/Library/Frameworks/Accelerate.framework/Versions/A/Frameworks/vecLib.framework/Versions/A/libBLAS.dylib
0x000000000c3c4000 	/System/Library/Frameworks/Accelerate.framework/Versions/A/Frameworks/vecLib.framework/Versions/A/libLinearAlgebra.dylib
0x000000000c3c4000 	/System/Library/Frameworks/ApplicationServices.framework/Versions/A/Frameworks/ATS.framework/Versions/A/Resources/libFontParser.dylib
0x000000000c3c4000 	/System/Library/Frameworks/ApplicationServices.framework/Versions/A/Frameworks/ATS.framework/Versions/A/Resources/libFontRegistry.dylib
0x000000000c3c4000 	/System/Library/PrivateFrameworks/AppleVPA.framework/Versions/A/AppleVPA
0x000000000c3c4000 	/System/Library/PrivateFrameworks/AppleJPEG.framework/Versions/A/AppleJPEG
0x000000000c3c4000 	/System/Library/Frameworks/ImageIO.framework/Versions/A/Resources/libJPEG.dylib
0x000000000c3c4000 	/System/Library/Frameworks/ImageIO.framework/Versions/A/Resources/libTIFF.dylib
0x000000000c3c4000 	/System/Library/Frameworks/ImageIO.framework/Versions/A/Resources/libPng.dylib
0x000000000c3c4000 	/System/Library/Frameworks/ImageIO.framework/Versions/A/Resources/libGIF.dylib
0x000000000c3c4000 	/System/Library/Frameworks/ImageIO.framework/Versions/A/Resources/libJP2.dylib
0x000000000c3c4000 	/System/Library/Frameworks/ImageIO.framework/Versions/A/Resources/libRadiance.dylib
0x000000000c3c4000 	/System/Library/Frameworks/CoreVideo.framework/Versions/A/CoreVideo
0x000000000c3c4000 	/System/Library/Frameworks/OpenGL.framework/Versions/A/Libraries/libGLU.dylib
0x000000000c3c4000 	/System/Library/Frameworks/OpenGL.framework/Versions/A/Libraries/libGFXShared.dylib
0x000000000c3c4000 	/System/Library/Frameworks/OpenGL.framework/Versions/A/Libraries/libGL.dylib
0x000000000c3c4000 	/System/Library/Frameworks/OpenGL.framework/Versions/A/Libraries/libGLImage.dylib
0x000000000c3c4000 	/System/Library/Frameworks/OpenGL.framework/Versions/A/Libraries/libCVMSPluginSupport.dylib
0x000000000c3c4000 	/System/Library/Frameworks/OpenGL.framework/Versions/A/Libraries/libCoreVMClient.dylib
0x000000000c3c4000 	/usr/lib/libcups.2.dylib
0x000000000c3c4000 	/System/Library/Frameworks/Kerberos.framework/Versions/A/Kerberos
0x000000000c3c4000 	/System/Library/Frameworks/GSS.framework/Versions/A/GSS
0x000000000c3c4000 	/usr/lib/libresolv.9.dylib
0x000000000c3c4000 	/System/Library/PrivateFrameworks/Heimdal.framework/Versions/A/Heimdal
0x000000000c3c4000 	/usr/lib/libheimdal-asn1.dylib
0x000000000c3c4000 	/System/Library/Frameworks/OpenDirectory.framework/Versions/A/OpenDirectory
0x000000000c3c4000 	/System/Library/PrivateFrameworks/CommonAuth.framework/Versions/A/CommonAuth
0x000000000c3c4000 	/System/Library/Frameworks/SecurityFoundation.framework/Versions/A/SecurityFoundation
0x000000000c3c4000 	/System/Library/Frameworks/QuartzCore.framework/Versions/A/Frameworks/CoreImage.framework/Versions/A/CoreImage
0x000000000c3c4000 	/System/Library/PrivateFrameworks/CrashReporterSupport.framework/Versions/A/CrashReporterSupport
0x000000000c3c4000 	/System/Library/Frameworks/OpenCL.framework/Versions/A/OpenCL
0x000000000c3c4000 	/System/Library/PrivateFrameworks/FaceCore.framework/Versions/A/FaceCore
0x000000000c3c4000 	/System/Library/PrivateFrameworks/Ubiquity.framework/Versions/A/Ubiquity
0x000000000c3c4000 	/System/Library/PrivateFrameworks/IconServices.framework/Versions/A/IconServices
0x000000000c3c4000 	/System/Library/PrivateFrameworks/ChunkingLibrary.framework/Versions/A/ChunkingLibrary
0x000000000c3c4000 	/System/Library/PrivateFrameworks/Apple80211.framework/Versions/A/Apple80211
0x000000000c3c4000 	/System/Library/Frameworks/CoreWLAN.framework/Versions/A/CoreWLAN
0x000000000c3c4000 	/System/Library/Frameworks/IOBluetooth.framework/Versions/A/IOBluetooth
0x000000000c3c4000 	/System/Library/PrivateFrameworks/CoreWiFi.framework/Versions/A/CoreWiFi
0x000000000c3c4000 	/System/Library/Frameworks/CoreBluetooth.framework/Versions/A/CoreBluetooth
0x000000000c3c4000 	/System/Library/PrivateFrameworks/DebugSymbols.framework/Versions/A/DebugSymbols
0x000000000c3c4000 	/System/Library/PrivateFrameworks/CoreSymbolication.framework/Versions/A/CoreSymbolication
0x000000000c3c4000 	/System/Library/PrivateFrameworks/Symbolication.framework/Versions/A/Symbolication
0x000000000c3c4000 	/System/Library/PrivateFrameworks/SpeechRecognitionCore.framework/Versions/A/SpeechRecognitionCore
0x000000010aa00000 	/Library/Java/JavaVirtualMachines/jdk1.8.0_20.jdk/Contents/Home/jre/lib/server/libjvm.dylib
0x000000000c3c4000 	/usr/lib/libstdc++.6.dylib
0x000000010a12c000 	/Library/Java/JavaVirtualMachines/jdk1.8.0_20.jdk/Contents/Home/jre/lib/libverify.dylib
0x000000010a13a000 	/Library/Java/JavaVirtualMachines/jdk1.8.0_20.jdk/Contents/Home/jre/lib/libjava.dylib
0x000000010a178000 	/Library/Java/JavaVirtualMachines/jdk1.8.0_20.jdk/Contents/Home/jre/lib/libzip.dylib
0x0000000121a22000 	/System/Library/Frameworks/JavaVM.framework/Frameworks/JavaRuntimeSupport.framework/JavaRuntimeSupport
0x0000000121a3a000 	/System/Library/Frameworks/JavaVM.framework/Versions/A/Frameworks/JavaNativeFoundation.framework/Versions/A/JavaNativeFoundation
0x000000010a1f2000 	/System/Library/Frameworks/JavaVM.framework/Versions/A/JavaVM
0x000000000c3c4000 	/System/Library/Frameworks/Carbon.framework/Versions/A/Carbon
0x0000000121a4f000 	/System/Library/PrivateFrameworks/JavaLaunching.framework/Versions/A/JavaLaunching
0x000000000c3c4000 	/System/Library/Frameworks/Carbon.framework/Versions/A/Frameworks/CommonPanels.framework/Versions/A/CommonPanels
0x000000000c3c4000 	/System/Library/Frameworks/Carbon.framework/Versions/A/Frameworks/Help.framework/Versions/A/Help
0x000000000c3c4000 	/System/Library/Frameworks/Carbon.framework/Versions/A/Frameworks/ImageCapture.framework/Versions/A/ImageCapture
0x000000000c3c4000 	/System/Library/Frameworks/Carbon.framework/Versions/A/Frameworks/OpenScripting.framework/Versions/A/OpenScripting
0x000000000c3c4000 	/System/Library/Frameworks/Carbon.framework/Versions/A/Frameworks/Print.framework/Versions/A/Print
0x000000000c3c4000 	/System/Library/Frameworks/Carbon.framework/Versions/A/Frameworks/SecurityHI.framework/Versions/A/SecurityHI
0x00000001239c3000 	/Applications/IntelliJ IDEA 14.app/Contents/bin/libbreakgen64.jnilib
0x0000000123ac9000 	/Library/Java/JavaVirtualMachines/jdk1.8.0_20.jdk/Contents/Home/jre/lib/libnet.dylib
0x0000000123b28000 	/usr/local/opencv/lib/libopencv_java2410.dylib
0x000000000c3c4000 	/System/Library/Frameworks/QTKit.framework/Versions/A/QTKit
0x000000000c3c4000 	/System/Library/Frameworks/AVFoundation.framework/Versions/A/AVFoundation
0x000000000c3c4000 	/System/Library/Frameworks/CoreMedia.framework/Versions/A/CoreMedia
0x000000000c3c4000 	/System/Library/Frameworks/MediaToolbox.framework/Versions/A/MediaToolbox
0x000000000c3c4000 	/System/Library/Frameworks/VideoToolbox.framework/Versions/A/VideoToolbox
0x000000000c3c4000 	/System/Library/PrivateFrameworks/CoreMediaAuthoring.framework/Versions/A/CoreMediaAuthoring
0x000000000c3c4000 	/System/Library/Frameworks/CoreMediaIO.framework/Versions/A/CoreMediaIO
0x000000000c3c4000 	/System/Library/Frameworks/AVFoundation.framework/Versions/A/Resources/libAVFAudio.dylib
0x000000000c3c4000 	/System/Library/PrivateFrameworks/MediaControlSender.framework/Versions/A/MediaControlSender
0x000000000c3c4000 	/System/Library/PrivateFrameworks/CoreAVCHD.framework/Versions/A/CoreAVCHD
0x000000000c3c4000 	/System/Library/Frameworks/MediaAccessibility.framework/Versions/A/MediaAccessibility
0x000000000c3c4000 	/System/Library/PrivateFrameworks/Mangrove.framework/Versions/A/Mangrove
0x000000000c3c4000 	/System/Library/PrivateFrameworks/CoreAUC.framework/Versions/A/CoreAUC
0x000000000c3c4000 	/System/Library/PrivateFrameworks/NetworkStatistics.framework/Versions/A/NetworkStatistics
0x000000000c3c4000 	/System/Library/PrivateFrameworks/AppleSRP.framework/Versions/A/AppleSRP
0x000000000c3c4000 	/System/Library/PrivateFrameworks/AirPlaySupport.framework/Versions/A/AirPlaySupport
0x000000000c3c4000 	/System/Library/PrivateFrameworks/CoreUtils.framework/Versions/A/CoreUtils
0x000000000c3c4000 	/System/Library/PrivateFrameworks/AppleVA.framework/Versions/A/AppleVA
0x000000000c3c4000 	/System/Library/PrivateFrameworks/XPCService.framework/Versions/A/XPCService
0x000000000c3c4000 	/System/Library/PrivateFrameworks/AppSandbox.framework/Versions/A/AppSandbox
0x000000000c3c4000 	/usr/lib/libsandbox.1.dylib
0x000000000c3c4000 	/System/Library/PrivateFrameworks/AppContainer.framework/Versions/A/AppContainer
0x000000000c3c4000 	/System/Library/PrivateFrameworks/SecCodeWrapper.framework/Versions/A/SecCodeWrapper
0x000000000c3c4000 	/usr/lib/libMatch.1.dylib

VM Arguments:
jvm_args: -Didea.launcher.port=7532 -Didea.launcher.bin.path=/Applications/IntelliJ IDEA 14.app/Contents/bin -Dfile.encoding=UTF-8 
java_command: com.intellij.rt.execution.application.AppMain com.company.Main
java_class_path (initial): /Library/Java/JavaVirtualMachines/jdk1.8.0_20.jdk/Contents/Home/lib/ant-javafx.jar:/Library/Java/JavaVirtualMachines/jdk1.8.0_20.jdk/Contents/Home/lib/dt.jar:/Library/Java/JavaVirtualMachines/jdk1.8.0_20.jdk/Contents/Home/lib/javafx-mx.jar:/Library/Java/JavaVirtualMachines/jdk1.8.0_20.jdk/Contents/Home/lib/jconsole.jar:/Library/Java/JavaVirtualMachines/jdk1.8.0_20.jdk/Contents/Home/lib/sa-jdi.jar:/Library/Java/JavaVirtualMachines/jdk1.8.0_20.jdk/Contents/Home/lib/tools.jar:/Library/Java/JavaVirtualMachines/jdk1.8.0_20.jdk/Contents/Home/jre/lib/charsets.jar:/Library/Java/JavaVirtualMachines/jdk1.8.0_20.jdk/Contents/Home/jre/lib/deploy.jar:/Library/Java/JavaVirtualMachines/jdk1.8.0_20.jdk/Contents/Home/jre/lib/javaws.jar:/Library/Java/JavaVirtualMachines/jdk1.8.0_20.jdk/Contents/Home/jre/lib/jce.jar:/Library/Java/JavaVirtualMachines/jdk1.8.0_20.jdk/Contents/Home/jre/lib/jfr.jar:/Library/Java/JavaVirtualMachines/jdk1.8.0_20.jdk/Contents/Home/jre/lib/jfxswt.jar:/Library/Java/JavaVirtualMachines/jdk1.8.0_20.jdk/Contents/Home/jre/lib/jsse.jar:/Library/Java/JavaVirtualMachines/jdk1.8.0_20.jdk/Contents/Home/jre/lib/management-agent.jar:/Library/Java/JavaVirtualMachines/jdk1.8.0_20.jdk/Contents/Home/jre/lib/plugin.jar:/Library/Java/JavaVirtualMachines/jdk1.8.0_20.jdk/Contents/Home/jre/lib/resources.jar:/Library/Java/JavaVirtualMachines/jdk1.8.0_20.jdk/Contents/Home/jre/lib/rt.jar:/Library/Java/JavaVirtualMachines/jdk1.8.0_20.jdk/Contents/Home/jre/lib/ext/cldrdata.jar:/Library/Java/JavaVirtualMachines/jdk1.8.0_20.jdk/Contents/Home/jre/lib/ext/dnsns.jar:/Library/Java/JavaVirtualMachines/jdk1.8.0_20.jdk/Contents/Home/jre/lib/ext/jfxrt.jar:/Library/Java/JavaVirtualMachines/jdk1.8.0_20.jdk/Contents/Home/jre/lib/ext/localedata.jar:/Library/Java/JavaVirtualMachines/jdk1.8.0_20.jdk/Contents/Home/jre/lib/ext/nashorn.jar:/Library/Java/JavaVirtualMachines/jdk1.8.0_20.jdk/Contents/Home/jre/lib/ext/sunec.jar:/Library/Java/JavaVirtualMachines/jdk1.8.0_20.jdk/C
Launcher Type: SUN_STANDARD

Environment Variables:
PATH=/opt/local/bin:/opt/local/sbin:/usr/local/bin:/usr/bin:/bin:/usr/sbin:/sbin:/opt/X11/bin:/usr/local/git/bin:/usr/texbin
SHELL=/bin/bash
DISPLAY=/private/tmp/com.apple.launchd.YJ9m1b7ae1/org.macosforge.xquartz:0

Signal Handlers:
SIGSEGV: [libjvm.dylib+0x578fd7], sa_mask[0]=11111111011111110111111111111111, sa_flags=SA_ONSTACK|SA_RESTART|SA_SIGINFO
SIGBUS: [libjvm.dylib+0x578fd7], sa_mask[0]=11111111011111110111111111111111, sa_flags=SA_RESTART|SA_SIGINFO
SIGFPE: [libjvm.dylib+0x45ab0c], sa_mask[0]=11111111011111110111111111111111, sa_flags=SA_RESTART|SA_SIGINFO
SIGPIPE: [libjvm.dylib+0x45ab0c], sa_mask[0]=11111111011111110111111111111111, sa_flags=SA_RESTART|SA_SIGINFO
SIGXFSZ: [libjvm.dylib+0x45ab0c], sa_mask[0]=11111111011111110111111111111111, sa_flags=SA_RESTART|SA_SIGINFO
SIGILL: [libjvm.dylib+0x45ab0c], sa_mask[0]=11111111011111110111111111111111, sa_flags=SA_RESTART|SA_SIGINFO
SIGUSR1: SIG_DFL, sa_mask[0]=00000000000000000000000000000000, sa_flags=none
SIGUSR2: [libjvm.dylib+0x45a62a], sa_mask[0]=00100000000000000000000000000000, sa_flags=SA_RESTART|SA_SIGINFO
SIGHUP: [libjvm.dylib+0x458bfd], sa_mask[0]=11111111011111110111111111111111, sa_flags=SA_RESTART|SA_SIGINFO
SIGINT: [libjvm.dylib+0x458bfd], sa_mask[0]=11111111011111110111111111111111, sa_flags=SA_RESTART|SA_SIGINFO
SIGTERM: [libjvm.dylib+0x458bfd], sa_mask[0]=11111111011111110111111111111111, sa_flags=SA_RESTART|SA_SIGINFO
SIGQUIT: [libjvm.dylib+0x458bfd], sa_mask[0]=11111111011111110111111111111111, sa_flags=SA_RESTART|SA_SIGINFO


---------------  S Y S T E M  ---------------

OS:Bsduname:Darwin 14.1.0 Darwin Kernel Version 14.1.0: Thu Nov 13 18:36:56 PST 2014; root:xnu-2782.10.65~2/RELEASE_X86_64 x86_64
rlimit: STACK 8192k, CORE 0k, NPROC 709, NOFILE 10240, AS infinity
load average:2.74 2.57 2.72

CPU:total 4 (2 cores per cpu, 2 threads per core) family 6 model 58 stepping 9, cmov, cx8, fxsr, mmx, sse, sse2, sse3, ssse3, sse4.1, sse4.2, popcnt, avx, aes, clmul, erms, ht, tsc, tscinvbit, tscinv

Memory: 4k page, physical 8388608k(126956k free)

/proc/meminfo:


vm_info: Java HotSpot(TM) 64-Bit Server VM (25.20-b23) for bsd-amd64 JRE (1.8.0_20-b26), built on Jul 30 2014 13:37:47 by "java_re" with gcc 4.2.1 (Based on Apple Inc. build 5658) (LLVM build 2336.9.00)

time: Wed Dec 10 02:33:58 2014
elapsed time: 1 seconds (0d 0h 0m 1s)

